INFO: [VRFC 10-2263] Analyzing Verilog file "C:/Users/password_is_447/Desktop/image_compress/system/system.srcs/sources_1/ip/ila_0/sim/ila_0.v" into library xil_defaultlib
INFO: [VRFC 10-311] analyzing module ila_0
INFO: [VRFC 10-2263] Analyzing Verilog file "C:/Users/password_is_447/Desktop/image_compress/system/system.srcs/sources_1/ip/ram_32x256/sim/ram_32x256.v" into library xil_defaultlib
INFO: [VRFC 10-311] analyzing module ram_32x256
INFO: [VRFC 10-2263] Analyzing Verilog file "C:/Users/password_is_447/Desktop/image_compress/system/system.srcs/sources_1/ip/n_ram7x365/sim/n_ram7x365.v" into library xil_defaultlib
INFO: [VRFC 10-311] analyzing module n_ram7x365
INFO: [VRFC 10-2263] Analyzing Verilog file "C:/Users/password_is_447/Desktop/image_compress/system/system.srcs/sources_1/ip/c_ram8x365/sim/c_ram8x365.v" into library xil_defaultlib
INFO: [VRFC 10-311] analyzing module c_ram8x365
INFO: [VRFC 10-2263] Analyzing Verilog file "C:/Users/password_is_447/Desktop/image_compress/system/system.srcs/sources_1/ip/b_ram9x365/sim/b_ram9x365.v" into library xil_defaultlib
INFO: [VRFC 10-311] analyzing module b_ram9x365
INFO: [VRFC 10-2263] Analyzing Verilog file "C:/Users/password_is_447/Desktop/image_compress/system/system.srcs/sources_1/ip/a_ram13x365/sim/a_ram13x365.v" into library xil_defaultlib
INFO: [VRFC 10-311] analyzing module a_ram13x365
INFO: [VRFC 10-2263] Analyzing Verilog file "C:/Users/password_is_447/Desktop/image_compress/system/system.srcs/sources_1/imports/src/DataRamIn.v" into library xil_defaultlib
INFO: [VRFC 10-311] analyzing module DataRamIn
INFO: [VRFC 10-2263] Analyzing Verilog file "C:/Users/password_is_447/Desktop/image_compress/system/system.srcs/sources_1/imports/src/DataRamOut.v" into library xil_defaultlib
INFO: [VRFC 10-311] analyzing module DataRamOut
INFO: [VRFC 10-2263] Analyzing Verilog file "C:/Users/password_is_447/Desktop/image_compress/system/system.srcs/sources_1/imports/src/GetNextSample.v" into library xil_defaultlib
INFO: [VRFC 10-311] analyzing module GetNextSample
INFO: [VRFC 10-2263] Analyzing Verilog file "C:/Users/password_is_447/Desktop/image_compress/system/system.srcs/sources_1/imports/src/GolombCoding.v" into library xil_defaultlib
INFO: [VRFC 10-311] analyzing module GolombCoding
INFO: [VRFC 10-2263] Analyzing Verilog file "C:/Users/password_is_447/Desktop/image_compress/system/system.srcs/sources_1/imports/src/RegularModeProcessing.v" into library xil_defaultlib
INFO: [VRFC 10-311] analyzing module RegularModeProcessing
INFO: [VRFC 10-2263] Analyzing Verilog file "C:/Users/password_is_447/Desktop/image_compress/system/system.srcs/sources_1/imports/src/RunModeProcessing.v" into library xil_defaultlib
INFO: [VRFC 10-311] analyzing module RunModeProcessing
INFO: [VRFC 10-2263] Analyzing Verilog file "C:/Users/password_is_447/Desktop/image_compress/system/system.srcs/sources_1/new/encoder_top.v" into library xil_defaultlib
INFO: [VRFC 10-311] analyzing module encoder_top
INFO: [VRFC 10-2263] Analyzing Verilog file "C:/Users/password_is_447/Desktop/image_compress/system/system.srcs/sources_1/imports/src/jpegls_encoder.v" into library xil_defaultlib
INFO: [VRFC 10-311] analyzing module jpegls_encoder
INFO: [VRFC 10-2263] Analyzing Verilog file "C:/Users/password_is_447/Desktop/image_compress/system/system.srcs/sources_1/imports/src/stream_concat.v" into library xil_defaultlib
INFO: [VRFC 10-311] analyzing module stream_concat
INFO: [VRFC 10-2263] Analyzing Verilog file "C:/Users/password_is_447/Desktop/image_compress/system/system.srcs/sim_1/new/tb_jpegls_encoder.v" into library xil_defaultlib
INFO: [VRFC 10-311] analyzing module tb_jpegls_encoder
